


 $$$$$   $$$   $      $$$  $$$$    $$$   $$$$$     $    $$$    $$$ 
 $      $   $  $       $   $   $  $   $  $        $$   $   $  $   $
 $      $      $       $   $   $  $      $         $   $   $  $   $
 $$$$   $      $       $   $$$$    $$$   $$$$      $   $   $  $   $
 $      $      $       $   $          $  $         $   $   $  $   $
 $      $   $  $       $   $      $   $  $         $   $   $  $   $
 $$$$$   $$$   $$$$$  $$$  $       $$$   $$$$$    $$$   $$$    $$$ 



                       $$$$$   $$$   $      $$$  $$$$    $$$   $$$$$     $    $$$    $$$ 
                       $      $   $  $       $   $   $  $   $  $        $$   $   $  $   $
                       $      $      $       $   $   $  $      $         $   $   $  $   $
                       $$$$   $      $       $   $$$$    $$$   $$$$      $   $   $  $   $
                       $      $      $       $   $          $  $         $   $   $  $   $
                       $      $   $  $       $   $      $   $  $         $   $   $  $   $
                       $$$$$   $$$   $$$$$  $$$  $       $$$   $$$$$    $$$   $$$    $$$ 



                                             $$$$$   $$$   $      $$$  $$$$    $$$   $$$$$     $    $$$    $$$ 
                                             $      $   $  $       $   $   $  $   $  $        $$   $   $  $   $
                                             $      $      $       $   $   $  $      $         $   $   $  $   $
                                             $$$$   $      $       $   $$$$    $$$   $$$$      $   $   $  $   $
                                             $      $      $       $   $          $  $         $   $   $  $   $
                                             $      $   $  $       $   $      $   $  $         $   $   $  $   $
                                             $$$$$   $$$   $$$$$  $$$  $       $$$   $$$$$    $$$   $$$    $$$ 



                                                                   $$$$$   $$$   $      $$$  $$$$    $$$   $$$$$     $    $$$    $$$ 
                                                                   $      $   $  $       $   $   $  $   $  $        $$   $   $  $   $
                                                                   $      $      $       $   $   $  $      $         $   $   $  $   $
                                                                   $$$$   $      $       $   $$$$    $$$   $$$$      $   $   $  $   $
                                                                   $      $      $       $   $          $  $         $   $   $  $   $
                                                                   $      $   $  $       $   $      $   $  $         $   $   $  $   $
                                                                   $$$$$   $$$   $$$$$  $$$  $       $$$   $$$$$    $$$   $$$    $$$ 

Proprietary Notice
This application contains the confidential and proprietary trade secrets of Schlumberger and may not be copied or stored in an
information retrieval system, transferred, used, distributed, translated, or retransmitted in any form or by any means, electron
or mechanical, in whole or in part, without the express written permission of the copyright owner.

ECLIPSE is a mark of Schlumberger. Copyright (c) 1981-2012 Schlumberger. All rights reserved.

Version =  2012.2  
Arch    =  Linux X86_64 (64 bit)

Annex    | Modification date    | Update date          | baseline             
=====    | =================    | ===========          | ========             
ECLIPSE  | 19-OCT-2012 14:59:07 | 20-OCT-2012 00:17:15 | /gss/bsl/source/2012.2_w43
petlast  | 29-FEB-2012 11:48:27 | 20-OCT-2012 00:17:41 | /gss/bsl/source/2012.2_w43
system   | 17-OCT-2012 11:10:28 | 20-OCT-2012 00:17:49 | /gss/bsl/source/2012.2_w43
tpb      | 21-SEP-2012 10:38:04 | 20-OCT-2012 00:17:49 | /gss/bsl/source/2012.2_w43
utility  | 28-SEP-2012 14:01:43 | 20-OCT-2012 00:17:50 | /gss/bsl/source/2012.2_w43
 
 HOST beij-lx613297 USER miliu ARCH  

1

 ******** ECHO OF INPUT DATA FOR RUN SIMPLE

 0: -- Eclipse_IMport Data Deck
 0: -- **********************
 0: --
 0: RUNSPEC
 0: TITLE
 0: ECLIPSE IMPORT to REVEAL
 0: 
 0: DIMENS
 0: 	20   20    10  /
 0: 
 0: OIL
 0: 
 0: WATER
 0: 
 0: GAS
 0: 
 0: DISGAS
 0: 
 0: FIELD
 0: 
 0: --EQLDIMS
 0: --	1  100   20    1    20 /
 0: 
 0: TABDIMS
 0: 	1    1   50   50    3   20 /
 0: 
 0: --REGDIMS
 0: --	1    1    0    0  /
 0: 
 0: WELLDIMS
 0: 	20    8    3   15 /
 0: 
 0: START
 0: 	1 'JAN' 2007  /
 0: 
 0: 
 0: GRID
 0: 
 0: DXV
 0: 	20*200 /
 0: 
 0: DYV
 0: 	20*200 /
 0: 
 0: DZV
 0: 	10*100 /
 0: TOPS
 0: 	400*6900 /
 0: 
 0: PORO
 0: 	4000*0.2 /
 0: 
 0: PERMX
 0: 	4000*200 /
 0: 
 0: PERMY
 0: 	4000*200 /
 0: 
 0: PERMZ
 0: 	4000*20 /
 0: 
 0: 
 0: PROPS
 0: 
 0: PVDG
 0: ----P_g-----B_g-----V_g
 0: 	1214.70 13.9470 0.01240
 0: 	1414.70 7.02800 0.01250
 0: 	1614.70 4.65700 0.01280
 0: 	1814.70 3.45300 0.01300
 0: 	2214.70 2.24000 0.01390
 0: 	2614.70 1.63800 0.01480
 0: 	3014.70 1.28200 0.01610
 0: 	3414.70 1.05200 0.01730
 0: 	3814.70 0.89000 0.01870
 0: /
 0: 
 0: PVTO
 0: ----PVT for live oil
 0: ----RS------P_bub---B_o-----V_o
 0: 	0.13700 1214.70 1.17200 1.97000 /
 0: 	0.19500 1414.70 1.20000 1.55600 /
 0: 	0.24100 1614.70 1.22100 1.39700 /
 0: 	0.28800 1814.70 1.24200 1.28000 /
 0: 	0.37500 2214.70 1.27800 1.09500 /
 0: 	0.46500 2614.70 1.32000 0.96700 /
 0: 	0.55800 3014.70 1.36000 0.84800 /
 0: 	0.66100 3414.70 1.40200 0.76200 /
 0: 	0.77000 3814.70 1.44700 0.69100
 0: 		4214.70 1.44050 0.69400
 0: 		4614.70 1.43400 0.69700 /
 0: /
 0: 
 0: PVTW
 0: ----P_ref-------B_w(pref)----C_W------V_w------C_v
 0: 	3814.7000   1.02310    3.10E-06   0.94000    0.00E+00 /
 0: 
 0: --GRAVITY
 0: --	35.0000  1.00960  0.75000 /
 0: DENSITY
 0: -- Oil   Water   Gas (get from spe9)
 0:    44.98  63.01  0.0702  /
 0: 
 0: 
 0: ROCK
 0: 	3214.70       0.40E-05 /
 0: 
 0: 
 0: SWOF
 0: --Sw         Krw     Krow    Pcwo
 0: 0.151090     0.0     1.0     400.0
 0: 0.151230     0.0     0.99997 359.190
 0: 0.151740     0.0     0.99993 257.920
 0: 0.152460     0.0     0.99991 186.310
 0: 0.156470     0.0     0.999510 79.060
 0: 0.165850     0.0     0.996290 40.010
 0: 0.178350     0.0     0.991590 27.930
 0: 0.203350 0.000010    0.978830 20.400
 0: 0.253350 0.000030    0.943730 15.550
 0: 0.352000 0.002292    0.804277  8.720
 0: 0.356000 0.006316    0.752374  3.317
 0: 0.360000 0.010340    0.700470  0.463
 0: 0.364395 0.015548    0.642258 -0.499
 0: 0.370000 0.022190    0.568020 -1.194
 0: 0.380000 0.035890    0.434980 -1.547
 0: 0.400000 0.069530    0.171430 -1.604
 0: 0.433450 0.087900    0.125310 -1.710
 0: 0.489320 0.123290    0.070530 -1.860
 0: 0.517250 0.143030    0.051130 -1.930
 0: 0.573120 0.186590    0.024640 -2.070
 0: 0.601060 0.210380    0.016190 -2.130
 0: 0.656930 0.261900    0.005940 -2.260
 0: 0.712800 0.318650    0.001590 -2.380
 0: 0.811110 0.430920    0.000020 -2.600
 0: 1.0      0.6836      0.000000 -3.24166 /
 0: 
 0: SGOF
 0: --Sg     Krg  Krog Pcgo
 0: .00      .0    1.   0
 0: .04      .0   .6   .2
 0: .1      .022  .33  .5
 0: .2       .1   .1    1
 0: .3      .24   .02  1.5
 0: .4      .34    .0   2
 0: .5      .42    .0   2.5
 0: .6      .5     .0   3
 0: .7      .8125  .0   3.5
 0: 0.84891  1.    .0   3.9  /
 0: 
 0: --INCLUDE
 0: --	'SIMPLE_KR2.INC'
 0: 
 0: --REGIONS
 0: SOLUTION
 0: 
 0: --EQUIL
 0: --datum depth--datum pressure----dep(wo)---Pc(woc)---depth(go)--Pc(go)
 0: --	6900.00     3814.70           7500.00    0.00000   6900.00   0.00000     1      0     5   /
 0: 
 0: PRESSURE
 0: 	4000*3814.70
 0: /
 0: SOIL
 0: 	4000*0.66
 0: /
 0: SWAT
 0: 	4000*0.34
 0: /
 0: SGAS
 0: 	4000*0.0
 0: /
 0: RS
 0: 4000*0.7700
 0: /
 0: --RSVD
 0: --depth----Rs
 0: -- 6900.0  0.7700
 0: -- 7900.0  0.7700
 0: --/
 0: 
 0: --DATUM
 0: --  	6900.000 /
 0: 
 0: 
 0: SUMMARY
 0: 
 0: 
 0: 
 0: 
 0: SCHEDULE
 0: 
 0: 
 0: WELSPECS
 0:    	PROD      G1         10  10           6900         OIL /
